

Started GET "/assets/rails.png" for 10.0.2.2 at 2012-07-31 20:11:59 +0200
Connecting to database specified by database.yml

Mysql2::Error (Unknown database 'brandmanager_development'):
  mysql2 (0.3.11) lib/mysql2/client.rb:44:in `connect'
  mysql2 (0.3.11) lib/mysql2/client.rb:44:in `initialize'
  activerecord (3.2.6) lib/active_record/connection_adapters/mysql2_adapter.rb:16:in `new'
  activerecord (3.2.6) lib/active_record/connection_adapters/mysql2_adapter.rb:16:in `mysql2_connection'
  activerecord (3.2.6) lib/active_record/connection_adapters/abstract/connection_pool.rb:309:in `new_connection'
  activerecord (3.2.6) lib/active_record/connection_adapters/abstract/connection_pool.rb:319:in `checkout_new_connection'
  activerecord (3.2.6) lib/active_record/connection_adapters/abstract/connection_pool.rb:241:in `block (2 levels) in checkout'
  activerecord (3.2.6) lib/active_record/connection_adapters/abstract/connection_pool.rb:236:in `loop'
  activerecord (3.2.6) lib/active_record/connection_adapters/abstract/connection_pool.rb:236:in `block in checkout'
  /home/vagrant/local/ruby/1.9.3-p194/lib/ruby/1.9.1/monitor.rb:211:in `mon_synchronize'
  activerecord (3.2.6) lib/active_record/connection_adapters/abstract/connection_pool.rb:233:in `checkout'
  activerecord (3.2.6) lib/active_record/connection_adapters/abstract/connection_pool.rb:96:in `block in connection'
  /home/vagrant/local/ruby/1.9.3-p194/lib/ruby/1.9.1/monitor.rb:211:in `mon_synchronize'
  activerecord (3.2.6) lib/active_record/connection_adapters/abstract/connection_pool.rb:95:in `connection'
  activerecord (3.2.6) lib/active_record/connection_adapters/abstract/connection_pool.rb:404:in `retrieve_connection'
  activerecord (3.2.6) lib/active_record/connection_adapters/abstract/connection_specification.rb:168:in `retrieve_connection'
  activerecord (3.2.6) lib/active_record/connection_adapters/abstract/connection_specification.rb:142:in `connection'
  activerecord (3.2.6) lib/active_record/query_cache.rb:67:in `rescue in call'
  activerecord (3.2.6) lib/active_record/query_cache.rb:61:in `call'
  activerecord (3.2.6) lib/active_record/connection_adapters/abstract/connection_pool.rb:473:in `call'
  actionpack (3.2.6) lib/action_dispatch/middleware/callbacks.rb:28:in `block in call'
  activesupport (3.2.6) lib/active_support/callbacks.rb:405:in `_run__421210253__call__369563068__callbacks'
  activesupport (3.2.6) lib/active_support/callbacks.rb:405:in `__run_callback'
  activesupport (3.2.6) lib/active_support/callbacks.rb:385:in `_run_call_callbacks'
  activesupport (3.2.6) lib/active_support/callbacks.rb:81:in `run_callbacks'
  actionpack (3.2.6) lib/action_dispatch/middleware/callbacks.rb:27:in `call'
  actionpack (3.2.6) lib/action_dispatch/middleware/reloader.rb:65:in `call'
  actionpack (3.2.6) lib/action_dispatch/middleware/remote_ip.rb:31:in `call'
  actionpack (3.2.6) lib/action_dispatch/middleware/debug_exceptions.rb:16:in `call'
  actionpack (3.2.6) lib/action_dispatch/middleware/show_exceptions.rb:56:in `call'
  railties (3.2.6) lib/rails/rack/logger.rb:26:in `call_app'
  railties (3.2.6) lib/rails/rack/logger.rb:16:in `call'
  actionpack (3.2.6) lib/action_dispatch/middleware/request_id.rb:22:in `call'
  rack (1.4.1) lib/rack/methodoverride.rb:21:in `call'
  rack (1.4.1) lib/rack/runtime.rb:17:in `call'
  activesupport (3.2.6) lib/active_support/cache/strategy/local_cache.rb:72:in `call'
  rack (1.4.1) lib/rack/lock.rb:15:in `call'
  actionpack (3.2.6) lib/action_dispatch/middleware/static.rb:62:in `call'
  railties (3.2.6) lib/rails/engine.rb:479:in `call'
  railties (3.2.6) lib/rails/application.rb:220:in `call'
  rack (1.4.1) lib/rack/content_length.rb:14:in `call'
  railties (3.2.6) lib/rails/rack/log_tailer.rb:17:in `call'
  rack (1.4.1) lib/rack/handler/webrick.rb:59:in `service'
  /home/vagrant/local/ruby/1.9.3-p194/lib/ruby/1.9.1/webrick/httpserver.rb:138:in `service'
  /home/vagrant/local/ruby/1.9.3-p194/lib/ruby/1.9.1/webrick/httpserver.rb:94:in `run'
  /home/vagrant/local/ruby/1.9.3-p194/lib/ruby/1.9.1/webrick/server.rb:191:in `block in start_thread'


  Rendered /home/vagrant/local/ruby/gems/gems/actionpack-3.2.6/lib/action_dispatch/middleware/templates/rescues/_trace.erb (1.7ms)
  Rendered /home/vagrant/local/ruby/gems/gems/actionpack-3.2.6/lib/action_dispatch/middleware/templates/rescues/_request_and_response.erb (15.7ms)
  Rendered /home/vagrant/local/ruby/gems/gems/actionpack-3.2.6/lib/action_dispatch/middleware/templates/rescues/diagnostics.erb within rescues/layout (32.0ms)
Connecting to database specified by database.yml
Connecting to database specified by database.yml
Connecting to database specified by database.yml
Connecting to database specified by database.yml
  [1m[36m (11.8ms)[0m  [1mCREATE TABLE `schema_migrations` (`version` varchar(255) NOT NULL) ENGINE=InnoDB[0m
  [1m[35m (3.4ms)[0m  CREATE UNIQUE INDEX `unique_schema_migrations` ON `schema_migrations` (`version`)
  [1m[36m (0.3ms)[0m  [1mSELECT `schema_migrations`.`version` FROM `schema_migrations` [0m
Migrating to CreateUsers (20120801025406)
  [1m[35m (2.8ms)[0m  CREATE TABLE `users` (`id` int(11) DEFAULT NULL auto_increment PRIMARY KEY, `name` varchar(255) NOT NULL, `email` varchar(255) NOT NULL, `password_hash` varchar(255) NOT NULL, `password_salt` varchar(255) NOT NULL, `created_at` datetime NOT NULL, `updated_at` datetime NOT NULL) ENGINE=InnoDB
  [1m[36m (0.5ms)[0m  [1mINSERT INTO `schema_migrations` (`version`) VALUES ('20120801025406')[0m
  [1m[35m (0.4ms)[0m  SELECT `schema_migrations`.`version` FROM `schema_migrations` 
Connecting to database specified by database.yml
  [1m[36m (0.1ms)[0m  [1mSELECT `schema_migrations`.`version` FROM `schema_migrations` [0m
  [1m[35m (0.3ms)[0m  DROP DATABASE IF EXISTS `brandmanager_test`
  [1m[36m (0.1ms)[0m  [1mCREATE DATABASE `brandmanager_test` DEFAULT CHARACTER SET `utf8` COLLATE `utf8_unicode_ci`[0m
  [1m[35m (4.6ms)[0m  CREATE TABLE `users` (`id` int(11) DEFAULT NULL auto_increment PRIMARY KEY, `name` varchar(255) NOT NULL, `email` varchar(255) NOT NULL, `password_hash` varchar(255) NOT NULL, `password_salt` varchar(255) NOT NULL, `created_at` datetime NOT NULL, `updated_at` datetime NOT NULL) ENGINE=InnoDB
  [1m[36m (1.8ms)[0m  [1mCREATE TABLE `schema_migrations` (`version` varchar(255) NOT NULL) ENGINE=InnoDB[0m
  [1m[35m (2.8ms)[0m  CREATE UNIQUE INDEX `unique_schema_migrations` ON `schema_migrations` (`version`)
  [1m[36m (0.2ms)[0m  [1mSELECT version FROM `schema_migrations`[0m
  [1m[35m (0.7ms)[0m  INSERT INTO `schema_migrations` (version) VALUES ('20120801025406')
Connecting to database specified by database.yml
  [1m[36m (0.1ms)[0m  [1mSELECT `schema_migrations`.`version` FROM `schema_migrations` [0m
  [1m[35m (2.0ms)[0m  DROP DATABASE IF EXISTS `brandmanager_test`
  [1m[36m (0.1ms)[0m  [1mCREATE DATABASE `brandmanager_test` DEFAULT CHARACTER SET `utf8` COLLATE `utf8_unicode_ci`[0m
  [1m[35m (3.1ms)[0m  CREATE TABLE `users` (`id` int(11) DEFAULT NULL auto_increment PRIMARY KEY, `name` varchar(255) NOT NULL, `email` varchar(255) NOT NULL, `password_hash` varchar(255) NOT NULL, `password_salt` varchar(255) NOT NULL, `created_at` datetime NOT NULL, `updated_at` datetime NOT NULL) ENGINE=InnoDB
  [1m[36m (1.6ms)[0m  [1mCREATE TABLE `schema_migrations` (`version` varchar(255) NOT NULL) ENGINE=InnoDB[0m
  [1m[35m (3.0ms)[0m  CREATE UNIQUE INDEX `unique_schema_migrations` ON `schema_migrations` (`version`)
  [1m[36m (0.2ms)[0m  [1mSELECT version FROM `schema_migrations`[0m
  [1m[35m (0.4ms)[0m  INSERT INTO `schema_migrations` (version) VALUES ('20120801025406')
Connecting to database specified by database.yml
  [1m[36m (0.1ms)[0m  [1mSELECT `schema_migrations`.`version` FROM `schema_migrations` [0m
  [1m[35m (2.0ms)[0m  DROP DATABASE IF EXISTS `brandmanager_test`
  [1m[36m (0.1ms)[0m  [1mCREATE DATABASE `brandmanager_test` DEFAULT CHARACTER SET `utf8` COLLATE `utf8_unicode_ci`[0m
  [1m[35m (3.4ms)[0m  CREATE TABLE `users` (`id` int(11) DEFAULT NULL auto_increment PRIMARY KEY, `name` varchar(255) NOT NULL, `email` varchar(255) NOT NULL, `password_hash` varchar(255) NOT NULL, `password_salt` varchar(255) NOT NULL, `created_at` datetime NOT NULL, `updated_at` datetime NOT NULL) ENGINE=InnoDB
  [1m[36m (1.7ms)[0m  [1mCREATE TABLE `schema_migrations` (`version` varchar(255) NOT NULL) ENGINE=InnoDB[0m
  [1m[35m (3.0ms)[0m  CREATE UNIQUE INDEX `unique_schema_migrations` ON `schema_migrations` (`version`)
  [1m[36m (0.3ms)[0m  [1mSELECT version FROM `schema_migrations`[0m
  [1m[35m (0.7ms)[0m  INSERT INTO `schema_migrations` (version) VALUES ('20120801025406')
Connecting to database specified by database.yml
  [1m[36m (0.1ms)[0m  [1mSELECT `schema_migrations`.`version` FROM `schema_migrations` [0m
  [1m[35m (1.7ms)[0m  DROP DATABASE IF EXISTS `brandmanager_test`
  [1m[36m (0.2ms)[0m  [1mCREATE DATABASE `brandmanager_test` DEFAULT CHARACTER SET `utf8` COLLATE `utf8_unicode_ci`[0m
  [1m[35m (2.7ms)[0m  CREATE TABLE `users` (`id` int(11) DEFAULT NULL auto_increment PRIMARY KEY, `name` varchar(255) NOT NULL, `email` varchar(255) NOT NULL, `password_hash` varchar(255) NOT NULL, `password_salt` varchar(255) NOT NULL, `created_at` datetime NOT NULL, `updated_at` datetime NOT NULL) ENGINE=InnoDB
  [1m[36m (1.4ms)[0m  [1mCREATE TABLE `schema_migrations` (`version` varchar(255) NOT NULL) ENGINE=InnoDB[0m
  [1m[35m (2.9ms)[0m  CREATE UNIQUE INDEX `unique_schema_migrations` ON `schema_migrations` (`version`)
  [1m[36m (0.2ms)[0m  [1mSELECT version FROM `schema_migrations`[0m
  [1m[35m (0.7ms)[0m  INSERT INTO `schema_migrations` (version) VALUES ('20120801025406')
Connecting to database specified by database.yml
  [1m[36m (0.1ms)[0m  [1mSELECT `schema_migrations`.`version` FROM `schema_migrations` [0m
  [1m[35m (2.3ms)[0m  DROP DATABASE IF EXISTS `brandmanager_test`
  [1m[36m (0.1ms)[0m  [1mCREATE DATABASE `brandmanager_test` DEFAULT CHARACTER SET `utf8` COLLATE `utf8_unicode_ci`[0m
  [1m[35m (2.7ms)[0m  CREATE TABLE `users` (`id` int(11) DEFAULT NULL auto_increment PRIMARY KEY, `name` varchar(255) NOT NULL, `email` varchar(255) NOT NULL, `password_hash` varchar(255) NOT NULL, `password_salt` varchar(255) NOT NULL, `created_at` datetime NOT NULL, `updated_at` datetime NOT NULL) ENGINE=InnoDB
  [1m[36m (1.7ms)[0m  [1mCREATE TABLE `schema_migrations` (`version` varchar(255) NOT NULL) ENGINE=InnoDB[0m
  [1m[35m (2.4ms)[0m  CREATE UNIQUE INDEX `unique_schema_migrations` ON `schema_migrations` (`version`)
  [1m[36m (0.2ms)[0m  [1mSELECT version FROM `schema_migrations`[0m
  [1m[35m (0.7ms)[0m  INSERT INTO `schema_migrations` (version) VALUES ('20120801025406')
Connecting to database specified by database.yml
  [1m[36m (0.1ms)[0m  [1mSELECT `schema_migrations`.`version` FROM `schema_migrations` [0m
  [1m[35m (1.8ms)[0m  DROP DATABASE IF EXISTS `brandmanager_test`
  [1m[36m (0.1ms)[0m  [1mCREATE DATABASE `brandmanager_test` DEFAULT CHARACTER SET `utf8` COLLATE `utf8_unicode_ci`[0m
  [1m[35m (103.3ms)[0m  CREATE TABLE `users` (`id` int(11) DEFAULT NULL auto_increment PRIMARY KEY, `name` varchar(255) NOT NULL, `email` varchar(255) NOT NULL, `password_hash` varchar(255) NOT NULL, `password_salt` varchar(255) NOT NULL, `created_at` datetime NOT NULL, `updated_at` datetime NOT NULL) ENGINE=InnoDB
  [1m[36m (1.8ms)[0m  [1mCREATE TABLE `schema_migrations` (`version` varchar(255) NOT NULL) ENGINE=InnoDB[0m
  [1m[35m (3.0ms)[0m  CREATE UNIQUE INDEX `unique_schema_migrations` ON `schema_migrations` (`version`)
  [1m[36m (0.2ms)[0m  [1mSELECT version FROM `schema_migrations`[0m
  [1m[35m (0.7ms)[0m  INSERT INTO `schema_migrations` (version) VALUES ('20120801025406')
Connecting to database specified by database.yml
  [1m[36m (0.1ms)[0m  [1mSELECT `schema_migrations`.`version` FROM `schema_migrations` [0m
Migrating to CreateUsers (20120801025406)
  [1m[35m (0.1ms)[0m  SELECT `schema_migrations`.`version` FROM `schema_migrations` 
Connecting to database specified by database.yml
  [1m[36m (0.1ms)[0m  [1mSELECT `schema_migrations`.`version` FROM `schema_migrations` [0m
  [1m[35m (4.4ms)[0m  DROP DATABASE IF EXISTS `brandmanager_test`
  [1m[36m (0.2ms)[0m  [1mCREATE DATABASE `brandmanager_test` DEFAULT CHARACTER SET `utf8` COLLATE `utf8_unicode_ci`[0m
  [1m[35m (3.5ms)[0m  CREATE TABLE `users` (`id` int(11) DEFAULT NULL auto_increment PRIMARY KEY, `name` varchar(255) NOT NULL, `email` varchar(255) NOT NULL, `password_hash` varchar(255) NOT NULL, `password_salt` varchar(255) NOT NULL, `created_at` datetime NOT NULL, `updated_at` datetime NOT NULL) ENGINE=InnoDB
  [1m[36m (1.9ms)[0m  [1mCREATE TABLE `schema_migrations` (`version` varchar(255) NOT NULL) ENGINE=InnoDB[0m
  [1m[35m (4.3ms)[0m  CREATE UNIQUE INDEX `unique_schema_migrations` ON `schema_migrations` (`version`)
  [1m[36m (0.2ms)[0m  [1mSELECT version FROM `schema_migrations`[0m
  [1m[35m (0.4ms)[0m  INSERT INTO `schema_migrations` (version) VALUES ('20120801025406')
Connecting to database specified by database.yml
  [1m[36m (0.3ms)[0m  [1mSELECT `schema_migrations`.`version` FROM `schema_migrations` [0m
  [1m[35m (7.6ms)[0m  DROP DATABASE IF EXISTS `brandmanager_test`
  [1m[36m (0.2ms)[0m  [1mCREATE DATABASE `brandmanager_test` DEFAULT CHARACTER SET `utf8` COLLATE `utf8_unicode_ci`[0m
  [1m[35m (4.1ms)[0m  CREATE TABLE `users` (`id` int(11) DEFAULT NULL auto_increment PRIMARY KEY, `name` varchar(255) NOT NULL, `email` varchar(255) NOT NULL, `password_hash` varchar(255) NOT NULL, `password_salt` varchar(255) NOT NULL, `created_at` datetime NOT NULL, `updated_at` datetime NOT NULL) ENGINE=InnoDB
  [1m[36m (1.9ms)[0m  [1mCREATE TABLE `schema_migrations` (`version` varchar(255) NOT NULL) ENGINE=InnoDB[0m
  [1m[35m (2.9ms)[0m  CREATE UNIQUE INDEX `unique_schema_migrations` ON `schema_migrations` (`version`)
  [1m[36m (0.2ms)[0m  [1mSELECT version FROM `schema_migrations`[0m
  [1m[35m (0.7ms)[0m  INSERT INTO `schema_migrations` (version) VALUES ('20120801025406')
Connecting to database specified by database.yml
  [1m[36m (0.1ms)[0m  [1mSELECT `schema_migrations`.`version` FROM `schema_migrations` [0m
  [1m[35m (2.5ms)[0m  DROP DATABASE IF EXISTS `brandmanager_test`
  [1m[36m (0.2ms)[0m  [1mCREATE DATABASE `brandmanager_test` DEFAULT CHARACTER SET `utf8` COLLATE `utf8_unicode_ci`[0m
  [1m[35m (2.0ms)[0m  CREATE TABLE `users` (`id` int(11) DEFAULT NULL auto_increment PRIMARY KEY, `name` varchar(255) NOT NULL, `email` varchar(255) NOT NULL, `password_hash` varchar(255) NOT NULL, `password_salt` varchar(255) NOT NULL, `created_at` datetime NOT NULL, `updated_at` datetime NOT NULL) ENGINE=InnoDB
  [1m[36m (1.7ms)[0m  [1mCREATE TABLE `schema_migrations` (`version` varchar(255) NOT NULL) ENGINE=InnoDB[0m
  [1m[35m (3.5ms)[0m  CREATE UNIQUE INDEX `unique_schema_migrations` ON `schema_migrations` (`version`)
  [1m[36m (0.2ms)[0m  [1mSELECT version FROM `schema_migrations`[0m
  [1m[35m (0.7ms)[0m  INSERT INTO `schema_migrations` (version) VALUES ('20120801025406')
Connecting to database specified by database.yml
Connecting to database specified by database.yml
  [1m[36m (0.1ms)[0m  [1mSELECT `schema_migrations`.`version` FROM `schema_migrations` [0m
  [1m[35m (2.1ms)[0m  DROP DATABASE IF EXISTS `brandmanager_test`
  [1m[36m (0.1ms)[0m  [1mCREATE DATABASE `brandmanager_test` DEFAULT CHARACTER SET `utf8` COLLATE `utf8_unicode_ci`[0m
  [1m[35m (2.9ms)[0m  CREATE TABLE `users` (`id` int(11) DEFAULT NULL auto_increment PRIMARY KEY, `name` varchar(255) NOT NULL, `email` varchar(255) NOT NULL, `password_hash` varchar(255) NOT NULL, `password_salt` varchar(255) NOT NULL, `created_at` datetime NOT NULL, `updated_at` datetime NOT NULL) ENGINE=InnoDB
  [1m[36m (4.0ms)[0m  [1mCREATE TABLE `schema_migrations` (`version` varchar(255) NOT NULL) ENGINE=InnoDB[0m
  [1m[35m (3.2ms)[0m  CREATE UNIQUE INDEX `unique_schema_migrations` ON `schema_migrations` (`version`)
  [1m[36m (0.2ms)[0m  [1mSELECT version FROM `schema_migrations`[0m
  [1m[35m (0.4ms)[0m  INSERT INTO `schema_migrations` (version) VALUES ('20120801025406')
Connecting to database specified by database.yml
  [1m[36m (0.1ms)[0m  [1mSELECT `schema_migrations`.`version` FROM `schema_migrations` [0m
  [1m[35m (2.0ms)[0m  DROP DATABASE IF EXISTS `brandmanager_test`
  [1m[36m (0.1ms)[0m  [1mCREATE DATABASE `brandmanager_test` DEFAULT CHARACTER SET `utf8` COLLATE `utf8_unicode_ci`[0m
  [1m[35m (2.2ms)[0m  CREATE TABLE `users` (`id` int(11) DEFAULT NULL auto_increment PRIMARY KEY, `name` varchar(255) NOT NULL, `email` varchar(255) NOT NULL, `password_hash` varchar(255) NOT NULL, `password_salt` varchar(255) NOT NULL, `created_at` datetime NOT NULL, `updated_at` datetime NOT NULL) ENGINE=InnoDB
  [1m[36m (3.7ms)[0m  [1mCREATE TABLE `schema_migrations` (`version` varchar(255) NOT NULL) ENGINE=InnoDB[0m
  [1m[35m (3.1ms)[0m  CREATE UNIQUE INDEX `unique_schema_migrations` ON `schema_migrations` (`version`)
  [1m[36m (0.2ms)[0m  [1mSELECT version FROM `schema_migrations`[0m
  [1m[35m (0.4ms)[0m  INSERT INTO `schema_migrations` (version) VALUES ('20120801025406')
Connecting to database specified by database.yml
  [1m[36m (0.1ms)[0m  [1mSELECT `schema_migrations`.`version` FROM `schema_migrations` [0m
  [1m[35m (7.4ms)[0m  DROP DATABASE IF EXISTS `brandmanager_test`
  [1m[36m (0.2ms)[0m  [1mCREATE DATABASE `brandmanager_test` DEFAULT CHARACTER SET `utf8` COLLATE `utf8_unicode_ci`[0m
  [1m[35m (2.1ms)[0m  CREATE TABLE `users` (`id` int(11) DEFAULT NULL auto_increment PRIMARY KEY, `name` varchar(255) NOT NULL, `email` varchar(255) NOT NULL, `password_hash` varchar(255) NOT NULL, `password_salt` varchar(255) NOT NULL, `created_at` datetime NOT NULL, `updated_at` datetime NOT NULL) ENGINE=InnoDB
  [1m[36m (2.2ms)[0m  [1mCREATE TABLE `schema_migrations` (`version` varchar(255) NOT NULL) ENGINE=InnoDB[0m
  [1m[35m (5.9ms)[0m  CREATE UNIQUE INDEX `unique_schema_migrations` ON `schema_migrations` (`version`)
  [1m[36m (0.2ms)[0m  [1mSELECT version FROM `schema_migrations`[0m
  [1m[35m (0.8ms)[0m  INSERT INTO `schema_migrations` (version) VALUES ('20120801025406')
Connecting to database specified by database.yml
  [1m[36m (0.1ms)[0m  [1mSELECT `schema_migrations`.`version` FROM `schema_migrations` [0m
  [1m[35m (1.7ms)[0m  DROP DATABASE IF EXISTS `brandmanager_test`
  [1m[36m (0.1ms)[0m  [1mCREATE DATABASE `brandmanager_test` DEFAULT CHARACTER SET `utf8` COLLATE `utf8_unicode_ci`[0m
  [1m[35m (4.0ms)[0m  CREATE TABLE `users` (`id` int(11) DEFAULT NULL auto_increment PRIMARY KEY, `name` varchar(255) NOT NULL, `email` varchar(255) NOT NULL, `password_hash` varchar(255) NOT NULL, `password_salt` varchar(255) NOT NULL, `created_at` datetime NOT NULL, `updated_at` datetime NOT NULL) ENGINE=InnoDB
  [1m[36m (1.8ms)[0m  [1mCREATE TABLE `schema_migrations` (`version` varchar(255) NOT NULL) ENGINE=InnoDB[0m
  [1m[35m (6.3ms)[0m  CREATE UNIQUE INDEX `unique_schema_migrations` ON `schema_migrations` (`version`)
  [1m[36m (0.2ms)[0m  [1mSELECT version FROM `schema_migrations`[0m
  [1m[35m (0.8ms)[0m  INSERT INTO `schema_migrations` (version) VALUES ('20120801025406')
Connecting to database specified by database.yml
Connecting to database specified by database.yml
  [1m[36m (0.1ms)[0m  [1mSELECT `schema_migrations`.`version` FROM `schema_migrations` [0m
  [1m[35m (1.9ms)[0m  DROP DATABASE IF EXISTS `brandmanager_test`
  [1m[36m (0.2ms)[0m  [1mCREATE DATABASE `brandmanager_test` DEFAULT CHARACTER SET `utf8` COLLATE `utf8_unicode_ci`[0m
  [1m[35m (3.1ms)[0m  CREATE TABLE `users` (`id` int(11) DEFAULT NULL auto_increment PRIMARY KEY, `name` varchar(255) NOT NULL, `email` varchar(255) NOT NULL, `password_hash` varchar(255) NOT NULL, `password_salt` varchar(255) NOT NULL, `created_at` datetime NOT NULL, `updated_at` datetime NOT NULL) ENGINE=InnoDB
  [1m[36m (4.2ms)[0m  [1mCREATE TABLE `schema_migrations` (`version` varchar(255) NOT NULL) ENGINE=InnoDB[0m
  [1m[35m (3.1ms)[0m  CREATE UNIQUE INDEX `unique_schema_migrations` ON `schema_migrations` (`version`)
  [1m[36m (0.2ms)[0m  [1mSELECT version FROM `schema_migrations`[0m
  [1m[35m (0.4ms)[0m  INSERT INTO `schema_migrations` (version) VALUES ('20120801025406')
Connecting to database specified by database.yml
  [1m[36m (0.1ms)[0m  [1mSELECT `schema_migrations`.`version` FROM `schema_migrations` [0m
  [1m[35m (1.9ms)[0m  DROP DATABASE IF EXISTS `brandmanager_test`
  [1m[36m (0.1ms)[0m  [1mCREATE DATABASE `brandmanager_test` DEFAULT CHARACTER SET `utf8` COLLATE `utf8_unicode_ci`[0m
  [1m[35m (7.0ms)[0m  CREATE TABLE `users` (`id` int(11) DEFAULT NULL auto_increment PRIMARY KEY, `name` varchar(255) NOT NULL, `email` varchar(255) NOT NULL, `password_hash` varchar(255) NOT NULL, `password_salt` varchar(255) NOT NULL, `created_at` datetime NOT NULL, `updated_at` datetime NOT NULL) ENGINE=InnoDB
  [1m[36m (1.9ms)[0m  [1mCREATE TABLE `schema_migrations` (`version` varchar(255) NOT NULL) ENGINE=InnoDB[0m
  [1m[35m (3.8ms)[0m  CREATE UNIQUE INDEX `unique_schema_migrations` ON `schema_migrations` (`version`)
  [1m[36m (0.3ms)[0m  [1mSELECT version FROM `schema_migrations`[0m
  [1m[35m (0.4ms)[0m  INSERT INTO `schema_migrations` (version) VALUES ('20120801025406')
Connecting to database specified by database.yml
  [1m[36m (0.1ms)[0m  [1mSELECT `schema_migrations`.`version` FROM `schema_migrations` [0m
  [1m[35m (1.9ms)[0m  DROP DATABASE IF EXISTS `brandmanager_test`
  [1m[36m (0.2ms)[0m  [1mCREATE DATABASE `brandmanager_test` DEFAULT CHARACTER SET `utf8` COLLATE `utf8_unicode_ci`[0m
  [1m[35m (6.5ms)[0m  CREATE TABLE `users` (`id` int(11) DEFAULT NULL auto_increment PRIMARY KEY, `name` varchar(255) NOT NULL, `email` varchar(255) NOT NULL, `password_hash` varchar(255) NOT NULL, `password_salt` varchar(255) NOT NULL, `created_at` datetime NOT NULL, `updated_at` datetime NOT NULL) ENGINE=InnoDB
  [1m[36m (1.8ms)[0m  [1mCREATE TABLE `schema_migrations` (`version` varchar(255) NOT NULL) ENGINE=InnoDB[0m
  [1m[35m (5.4ms)[0m  CREATE UNIQUE INDEX `unique_schema_migrations` ON `schema_migrations` (`version`)
  [1m[36m (0.2ms)[0m  [1mSELECT version FROM `schema_migrations`[0m
  [1m[35m (0.7ms)[0m  INSERT INTO `schema_migrations` (version) VALUES ('20120801025406')
Connecting to database specified by database.yml
  [1m[36m (0.1ms)[0m  [1mSELECT `schema_migrations`.`version` FROM `schema_migrations` [0m
Migrating to CreateUsers (20120801025406)
  [1m[35m (0.1ms)[0m  SELECT `schema_migrations`.`version` FROM `schema_migrations` 
Connecting to database specified by database.yml
  [1m[36m (0.1ms)[0m  [1mSELECT `schema_migrations`.`version` FROM `schema_migrations` [0m
  [1m[35m (2.3ms)[0m  DROP DATABASE IF EXISTS `brandmanager_test`
  [1m[36m (0.1ms)[0m  [1mCREATE DATABASE `brandmanager_test` DEFAULT CHARACTER SET `utf8` COLLATE `utf8_unicode_ci`[0m
  [1m[35m (106.8ms)[0m  CREATE TABLE `users` (`id` int(11) DEFAULT NULL auto_increment PRIMARY KEY, `name` varchar(255) NOT NULL, `email` varchar(255) NOT NULL, `password_hash` varchar(255) NOT NULL, `password_salt` varchar(255) NOT NULL, `created_at` datetime NOT NULL, `updated_at` datetime NOT NULL) ENGINE=InnoDB
  [1m[36m (1.8ms)[0m  [1mCREATE TABLE `schema_migrations` (`version` varchar(255) NOT NULL) ENGINE=InnoDB[0m
  [1m[35m (6.8ms)[0m  CREATE UNIQUE INDEX `unique_schema_migrations` ON `schema_migrations` (`version`)
  [1m[36m (0.2ms)[0m  [1mSELECT version FROM `schema_migrations`[0m
  [1m[35m (0.7ms)[0m  INSERT INTO `schema_migrations` (version) VALUES ('20120801025406')
Connecting to database specified by database.yml
  [1m[36m (0.1ms)[0m  [1mSELECT `schema_migrations`.`version` FROM `schema_migrations` [0m
  [1m[35m (1.9ms)[0m  DROP DATABASE IF EXISTS `brandmanager_test`
  [1m[36m (0.2ms)[0m  [1mCREATE DATABASE `brandmanager_test` DEFAULT CHARACTER SET `utf8` COLLATE `utf8_unicode_ci`[0m
  [1m[35m (2.0ms)[0m  CREATE TABLE `users` (`id` int(11) DEFAULT NULL auto_increment PRIMARY KEY, `name` varchar(255) NOT NULL, `email` varchar(255) NOT NULL, `password_hash` varchar(255) NOT NULL, `password_salt` varchar(255) NOT NULL, `created_at` datetime NOT NULL, `updated_at` datetime NOT NULL) ENGINE=InnoDB
  [1m[36m (53.7ms)[0m  [1mCREATE TABLE `schema_migrations` (`version` varchar(255) NOT NULL) ENGINE=InnoDB[0m
  [1m[35m (4.2ms)[0m  CREATE UNIQUE INDEX `unique_schema_migrations` ON `schema_migrations` (`version`)
  [1m[36m (0.2ms)[0m  [1mSELECT version FROM `schema_migrations`[0m
  [1m[35m (0.7ms)[0m  INSERT INTO `schema_migrations` (version) VALUES ('20120801025406')
Connecting to database specified by database.yml
  [1m[36m (0.1ms)[0m  [1mSELECT `schema_migrations`.`version` FROM `schema_migrations` [0m
  [1m[35m (1.9ms)[0m  DROP DATABASE IF EXISTS `brandmanager_test`
  [1m[36m (0.1ms)[0m  [1mCREATE DATABASE `brandmanager_test` DEFAULT CHARACTER SET `utf8` COLLATE `utf8_unicode_ci`[0m
  [1m[35m (2.6ms)[0m  CREATE TABLE `users` (`id` int(11) DEFAULT NULL auto_increment PRIMARY KEY, `name` varchar(255) NOT NULL, `email` varchar(255) NOT NULL, `password_hash` varchar(255) NOT NULL, `password_salt` varchar(255) NOT NULL, `created_at` datetime NOT NULL, `updated_at` datetime NOT NULL) ENGINE=InnoDB
  [1m[36m (1.9ms)[0m  [1mCREATE TABLE `schema_migrations` (`version` varchar(255) NOT NULL) ENGINE=InnoDB[0m
  [1m[35m (6.4ms)[0m  CREATE UNIQUE INDEX `unique_schema_migrations` ON `schema_migrations` (`version`)
  [1m[36m (0.2ms)[0m  [1mSELECT version FROM `schema_migrations`[0m
  [1m[35m (0.7ms)[0m  INSERT INTO `schema_migrations` (version) VALUES ('20120801025406')
Connecting to database specified by database.yml
  [1m[36m (0.1ms)[0m  [1mSELECT `schema_migrations`.`version` FROM `schema_migrations` [0m
  [1m[35m (2.8ms)[0m  DROP DATABASE IF EXISTS `brandmanager_test`
  [1m[36m (0.2ms)[0m  [1mCREATE DATABASE `brandmanager_test` DEFAULT CHARACTER SET `utf8` COLLATE `utf8_unicode_ci`[0m
  [1m[35m (5.6ms)[0m  CREATE TABLE `users` (`id` int(11) DEFAULT NULL auto_increment PRIMARY KEY, `name` varchar(255) NOT NULL, `email` varchar(255) NOT NULL, `password_hash` varchar(255) NOT NULL, `password_salt` varchar(255) NOT NULL, `created_at` datetime NOT NULL, `updated_at` datetime NOT NULL) ENGINE=InnoDB
  [1m[36m (1.8ms)[0m  [1mCREATE TABLE `schema_migrations` (`version` varchar(255) NOT NULL) ENGINE=InnoDB[0m
  [1m[35m (5.9ms)[0m  CREATE UNIQUE INDEX `unique_schema_migrations` ON `schema_migrations` (`version`)
  [1m[36m (0.2ms)[0m  [1mSELECT version FROM `schema_migrations`[0m
  [1m[35m (0.7ms)[0m  INSERT INTO `schema_migrations` (version) VALUES ('20120801025406')
Connecting to database specified by database.yml
  [1m[36m (0.1ms)[0m  [1mSELECT `schema_migrations`.`version` FROM `schema_migrations` [0m
  [1m[35m (1.9ms)[0m  DROP DATABASE IF EXISTS `brandmanager_test`
  [1m[36m (0.1ms)[0m  [1mCREATE DATABASE `brandmanager_test` DEFAULT CHARACTER SET `utf8` COLLATE `utf8_unicode_ci`[0m
  [1m[35m (4.5ms)[0m  CREATE TABLE `users` (`id` int(11) DEFAULT NULL auto_increment PRIMARY KEY, `name` varchar(255) NOT NULL, `email` varchar(255) NOT NULL, `password_hash` varchar(255) NOT NULL, `password_salt` varchar(255) NOT NULL, `created_at` datetime NOT NULL, `updated_at` datetime NOT NULL) ENGINE=InnoDB
  [1m[36m (1.9ms)[0m  [1mCREATE TABLE `schema_migrations` (`version` varchar(255) NOT NULL) ENGINE=InnoDB[0m
  [1m[35m (6.0ms)[0m  CREATE UNIQUE INDEX `unique_schema_migrations` ON `schema_migrations` (`version`)
  [1m[36m (0.2ms)[0m  [1mSELECT version FROM `schema_migrations`[0m
  [1m[35m (0.7ms)[0m  INSERT INTO `schema_migrations` (version) VALUES ('20120801025406')
Connecting to database specified by database.yml
Connecting to database specified by database.yml
Connecting to database specified by database.yml
  [1m[36m (2.4ms)[0m  [1mDROP DATABASE IF EXISTS `brandmanager_development`[0m
  [1m[35m (3.4ms)[0m  DROP DATABASE IF EXISTS `brandmanager_test`
  [1m[36m (0.2ms)[0m  [1mCREATE DATABASE `brandmanager_development` DEFAULT CHARACTER SET `utf8` COLLATE `utf8_unicode_ci`[0m
  [1m[35m (0.1ms)[0m  CREATE DATABASE `brandmanager_test` DEFAULT CHARACTER SET `utf8` COLLATE `utf8_unicode_ci`
  [1m[36m (3.6ms)[0m  [1mCREATE TABLE `users` (`id` int(11) DEFAULT NULL auto_increment PRIMARY KEY, `name` varchar(255) NOT NULL, `email` varchar(255) NOT NULL, `password_hash` varchar(255) NOT NULL, `password_salt` varchar(255) NOT NULL, `created_at` datetime NOT NULL, `updated_at` datetime NOT NULL) ENGINE=InnoDB[0m
  [1m[35m (3.3ms)[0m  CREATE TABLE `schema_migrations` (`version` varchar(255) NOT NULL) ENGINE=InnoDB
  [1m[36m (3.0ms)[0m  [1mCREATE UNIQUE INDEX `unique_schema_migrations` ON `schema_migrations` (`version`)[0m
  [1m[35m (0.2ms)[0m  SELECT version FROM `schema_migrations`
  [1m[36m (0.8ms)[0m  [1mINSERT INTO `schema_migrations` (version) VALUES ('20120801025406')[0m
  [1m[35m (0.2ms)[0m  SELECT `schema_migrations`.`version` FROM `schema_migrations` 
Connecting to database specified by database.yml
  [1m[36m (0.1ms)[0m  [1mSELECT `schema_migrations`.`version` FROM `schema_migrations` [0m
Migrating to CreateUsers (20120801025406)
Migrating to CreateBrands (20120809040610)
  [1m[35m (5.3ms)[0m  CREATE TABLE `brands` (`id` int(11) DEFAULT NULL auto_increment PRIMARY KEY, `numer_process` int(11) NOT NULL, `name` varchar(255) NOT NULL, `procedure` varchar(255), `date_rpi` date, `date_company` date, `deadline` date NOT NULL, `completed` tinyint(1), `created_at` datetime NOT NULL, `updated_at` datetime NOT NULL) ENGINE=InnoDB
  [1m[36m (0.8ms)[0m  [1mINSERT INTO `schema_migrations` (`version`) VALUES ('20120809040610')[0m
Migrating to CreateClients (20120809040846)
  [1m[35m (8.7ms)[0m  CREATE TABLE `clients` (`id` int(11) DEFAULT NULL auto_increment PRIMARY KEY, `name` varchar(255) NOT NULL, `telephone` varchar(255), `created_at` datetime NOT NULL, `updated_at` datetime NOT NULL) ENGINE=InnoDB
  [1m[36m (0.8ms)[0m  [1mINSERT INTO `schema_migrations` (`version`) VALUES ('20120809040846')[0m
  [1m[35m (0.1ms)[0m  SELECT `schema_migrations`.`version` FROM `schema_migrations` 
Connecting to database specified by database.yml
